{"C:\\Users\\ronal\\Desktop\\hacktiv8\\phase2\\week4\\Note-Taking-App\\server\\app.js": {"path":"C:\\Users\\ronal\\Desktop\\hacktiv8\\phase2\\week4\\Note-Taking-App\\server\\app.js","statementMap":{"0":{"start":{"line":1,"column":0},"end":{"line":3,"column":1}},"1":{"start":{"line":2,"column":2},"end":{"line":2,"column":29}},"2":{"start":{"line":4,"column":16},"end":{"line":4,"column":34}},"3":{"start":{"line":5,"column":12},"end":{"line":5,"column":21}},"4":{"start":{"line":6,"column":15},"end":{"line":6,"column":35}},"5":{"start":{"line":7,"column":13},"end":{"line":7,"column":28}},"6":{"start":{"line":9,"column":0},"end":{"line":9,"column":16}},"7":{"start":{"line":10,"column":0},"end":{"line":10,"column":49}},"8":{"start":{"line":11,"column":0},"end":{"line":11,"column":24}},"9":{"start":{"line":12,"column":0},"end":{"line":12,"column":16}},"10":{"start":{"line":15,"column":0},"end":{"line":15,"column":21}}},"fnMap":{},"branchMap":{"0":{"loc":{"start":{"line":1,"column":0},"end":{"line":3,"column":1}},"type":"if","locations":[{"start":{"line":1,"column":0},"end":{"line":3,"column":1}},{"start":{},"end":{}}],"line":1}},"s":{"0":1,"1":1,"2":1,"3":1,"4":1,"5":1,"6":1,"7":1,"8":1,"9":1,"10":1},"f":{},"b":{"0":[1,0]},"_coverageSchema":"1a1c01bbd47fc00a2c39e90264f33305004495a9","hash":"1ebbc4d45b75657e42dba1f28a3138ed7ddf20d4"}
,"C:\\Users\\ronal\\Desktop\\hacktiv8\\phase2\\week4\\Note-Taking-App\\server\\controllers\\controller.js": {"path":"C:\\Users\\ronal\\Desktop\\hacktiv8\\phase2\\week4\\Note-Taking-App\\server\\controllers\\controller.js","statementMap":{"0":{"start":{"line":1,"column":30},"end":{"line":1,"column":50}},"1":{"start":{"line":2,"column":28},"end":{"line":2,"column":56}},"2":{"start":{"line":3,"column":22},"end":{"line":3,"column":47}},"3":{"start":{"line":4,"column":14},"end":{"line":4,"column":30}},"4":{"start":{"line":5,"column":23},"end":{"line":5,"column":49}},"5":{"start":{"line":7,"column":25},"end":{"line":7,"column":55}},"6":{"start":{"line":8,"column":15},"end":{"line":8,"column":33}},"7":{"start":{"line":12,"column":4},"end":{"line":35,"column":5}},"8":{"start":{"line":13,"column":44},"end":{"line":13,"column":52}},"9":{"start":{"line":14,"column":6},"end":{"line":14,"column":60}},"10":{"start":{"line":14,"column":21},"end":{"line":14,"column":60}},"11":{"start":{"line":15,"column":6},"end":{"line":15,"column":54}},"12":{"start":{"line":15,"column":18},"end":{"line":15,"column":54}},"13":{"start":{"line":16,"column":6},"end":{"line":16,"column":60}},"14":{"start":{"line":16,"column":21},"end":{"line":16,"column":60}},"15":{"start":{"line":18,"column":23},"end":{"line":20,"column":8}},"16":{"start":{"line":21,"column":6},"end":{"line":21,"column":58}},"17":{"start":{"line":21,"column":20},"end":{"line":21,"column":58}},"18":{"start":{"line":23,"column":19},"end":{"line":27,"column":8}},"19":{"start":{"line":28,"column":6},"end":{"line":32,"column":9}},"20":{"start":{"line":34,"column":6},"end":{"line":34,"column":18}},"21":{"start":{"line":38,"column":4},"end":{"line":55,"column":5}},"22":{"start":{"line":39,"column":34},"end":{"line":39,"column":42}},"23":{"start":{"line":40,"column":6},"end":{"line":40,"column":54}},"24":{"start":{"line":40,"column":18},"end":{"line":40,"column":54}},"25":{"start":{"line":41,"column":6},"end":{"line":41,"column":60}},"26":{"start":{"line":41,"column":21},"end":{"line":41,"column":60}},"27":{"start":{"line":43,"column":19},"end":{"line":43,"column":79}},"28":{"start":{"line":44,"column":6},"end":{"line":44,"column":58}},"29":{"start":{"line":44,"column":17},"end":{"line":44,"column":58}},"30":{"start":{"line":46,"column":28},"end":{"line":46,"column":68}},"31":{"start":{"line":47,"column":6},"end":{"line":47,"column":67}},"32":{"start":{"line":47,"column":26},"end":{"line":47,"column":67}},"33":{"start":{"line":49,"column":22},"end":{"line":49,"column":37}},"34":{"start":{"line":50,"column":27},"end":{"line":50,"column":45}},"35":{"start":{"line":52,"column":6},"end":{"line":52,"column":45}},"36":{"start":{"line":54,"column":6},"end":{"line":54,"column":18}},"37":{"start":{"line":58,"column":4},"end":{"line":80,"column":5}},"38":{"start":{"line":59,"column":31},"end":{"line":59,"column":39}},"39":{"start":{"line":60,"column":21},"end":{"line":64,"column":8}},"40":{"start":{"line":65,"column":30},"end":{"line":65,"column":49}},"41":{"start":{"line":66,"column":30},"end":{"line":72,"column":8}},"42":{"start":{"line":74,"column":22},"end":{"line":74,"column":37}},"43":{"start":{"line":75,"column":27},"end":{"line":75,"column":45}},"44":{"start":{"line":77,"column":6},"end":{"line":77,"column":45}},"45":{"start":{"line":79,"column":6},"end":{"line":79,"column":18}},"46":{"start":{"line":83,"column":4},"end":{"line":93,"column":5}},"47":{"start":{"line":84,"column":19},"end":{"line":89,"column":8}},"48":{"start":{"line":90,"column":6},"end":{"line":90,"column":33}},"49":{"start":{"line":92,"column":6},"end":{"line":92,"column":18}},"50":{"start":{"line":96,"column":4},"end":{"line":106,"column":5}},"51":{"start":{"line":97,"column":19},"end":{"line":102,"column":8}},"52":{"start":{"line":103,"column":6},"end":{"line":103,"column":33}},"53":{"start":{"line":105,"column":6},"end":{"line":105,"column":18}},"54":{"start":{"line":109,"column":4},"end":{"line":128,"column":5}},"55":{"start":{"line":110,"column":38},"end":{"line":110,"column":46}},"56":{"start":{"line":111,"column":21},"end":{"line":111,"column":32}},"57":{"start":{"line":112,"column":19},"end":{"line":117,"column":8}},"58":{"start":{"line":119,"column":6},"end":{"line":125,"column":9}},"59":{"start":{"line":127,"column":6},"end":{"line":127,"column":18}},"60":{"start":{"line":131,"column":4},"end":{"line":146,"column":5}},"61":{"start":{"line":132,"column":17},"end":{"line":132,"column":30}},"62":{"start":{"line":133,"column":38},"end":{"line":133,"column":46}},"63":{"start":{"line":135,"column":19},"end":{"line":135,"column":42}},"64":{"start":{"line":136,"column":6},"end":{"line":136,"column":50}},"65":{"start":{"line":136,"column":17},"end":{"line":136,"column":50}},"66":{"start":{"line":138,"column":6},"end":{"line":138,"column":25}},"67":{"start":{"line":139,"column":6},"end":{"line":139,"column":29}},"68":{"start":{"line":140,"column":6},"end":{"line":140,"column":21}},"69":{"start":{"line":141,"column":6},"end":{"line":141,"column":24}},"70":{"start":{"line":143,"column":6},"end":{"line":143,"column":65}},"71":{"start":{"line":145,"column":6},"end":{"line":145,"column":18}},"72":{"start":{"line":149,"column":4},"end":{"line":159,"column":5}},"73":{"start":{"line":150,"column":17},"end":{"line":150,"column":30}},"74":{"start":{"line":152,"column":19},"end":{"line":152,"column":42}},"75":{"start":{"line":153,"column":6},"end":{"line":153,"column":50}},"76":{"start":{"line":153,"column":17},"end":{"line":153,"column":50}},"77":{"start":{"line":154,"column":6},"end":{"line":154,"column":27}},"78":{"start":{"line":156,"column":6},"end":{"line":156,"column":65}},"79":{"start":{"line":158,"column":6},"end":{"line":158,"column":18}},"80":{"start":{"line":162,"column":4},"end":{"line":175,"column":5}},"81":{"start":{"line":163,"column":17},"end":{"line":163,"column":30}},"82":{"start":{"line":164,"column":27},"end":{"line":164,"column":35}},"83":{"start":{"line":166,"column":19},"end":{"line":166,"column":42}},"84":{"start":{"line":167,"column":6},"end":{"line":167,"column":50}},"85":{"start":{"line":167,"column":17},"end":{"line":167,"column":50}},"86":{"start":{"line":169,"column":6},"end":{"line":169,"column":31}},"87":{"start":{"line":170,"column":6},"end":{"line":170,"column":24}},"88":{"start":{"line":172,"column":6},"end":{"line":172,"column":66}},"89":{"start":{"line":174,"column":6},"end":{"line":174,"column":18}},"90":{"start":{"line":178,"column":20},"end":{"line":185,"column":5}},"91":{"start":{"line":186,"column":4},"end":{"line":193,"column":5}},"92":{"start":{"line":187,"column":23},"end":{"line":187,"column":51}},"93":{"start":{"line":188,"column":19},"end":{"line":188,"column":42}},"94":{"start":{"line":189,"column":26},"end":{"line":189,"column":81}},"95":{"start":{"line":190,"column":6},"end":{"line":190,"column":37}},"96":{"start":{"line":192,"column":6},"end":{"line":192,"column":18}},"97":{"start":{"line":196,"column":18},"end":{"line":196,"column":34}},"98":{"start":{"line":197,"column":16},"end":{"line":197,"column":50}},"99":{"start":{"line":198,"column":20},"end":{"line":210,"column":5}},"100":{"start":{"line":211,"column":4},"end":{"line":218,"column":5}},"101":{"start":{"line":212,"column":23},"end":{"line":212,"column":51}},"102":{"start":{"line":213,"column":19},"end":{"line":213,"column":37}},"103":{"start":{"line":214,"column":21},"end":{"line":214,"column":41}},"104":{"start":{"line":215,"column":6},"end":{"line":215,"column":45}},"105":{"start":{"line":217,"column":6},"end":{"line":217,"column":18}},"106":{"start":{"line":221,"column":15},"end":{"line":224,"column":6}},"107":{"start":{"line":226,"column":20},"end":{"line":226,"column":44}},"108":{"start":{"line":227,"column":19},"end":{"line":227,"column":24}},"109":{"start":{"line":228,"column":20},"end":{"line":240,"column":5}},"110":{"start":{"line":242,"column":24},"end":{"line":242,"column":63}},"111":{"start":{"line":243,"column":27},"end":{"line":243,"column":44}},"112":{"start":{"line":244,"column":24},"end":{"line":244,"column":112}},"113":{"start":{"line":246,"column":4},"end":{"line":250,"column":7}},"114":{"start":{"line":251,"column":4},"end":{"line":251,"column":76}},"115":{"start":{"line":254,"column":4},"end":{"line":254,"column":16}},"116":{"start":{"line":258,"column":24},"end":{"line":258,"column":32}},"117":{"start":{"line":259,"column":18},"end":{"line":259,"column":61}},"118":{"start":{"line":261,"column":4},"end":{"line":263,"column":5}},"119":{"start":{"line":262,"column":6},"end":{"line":262,"column":66}},"120":{"start":{"line":265,"column":4},"end":{"line":267,"column":5}},"121":{"start":{"line":266,"column":6},"end":{"line":266,"column":71}},"122":{"start":{"line":269,"column":28},"end":{"line":271,"column":5}},"123":{"start":{"line":272,"column":21},"end":{"line":280,"column":5}},"124":{"start":{"line":281,"column":24},"end":{"line":281,"column":79}},"125":{"start":{"line":282,"column":4},"end":{"line":291,"column":5}},"126":{"start":{"line":283,"column":6},"end":{"line":283,"column":52}},"127":{"start":{"line":284,"column":6},"end":{"line":287,"column":8}},"128":{"start":{"line":288,"column":6},"end":{"line":288,"column":59}},"129":{"start":{"line":290,"column":6},"end":{"line":290,"column":58}},"130":{"start":{"line":294,"column":24},"end":{"line":294,"column":80}},"131":{"start":{"line":295,"column":4},"end":{"line":295,"column":16}},"132":{"start":{"line":299,"column":0},"end":{"line":299,"column":28}},"133":{"start":{"line":306,"column":85},"end":{"line":306,"column":37801}},"134":{"start":{"line":306,"column":89},"end":{"line":306,"column":37790}}},"fnMap":{"0":{"name":"(anonymous_0)","decl":{"start":{"line":11,"column":2},"end":{"line":11,"column":3}},"loc":{"start":{"line":11,"column":40},"end":{"line":36,"column":3}},"line":11},"1":{"name":"(anonymous_1)","decl":{"start":{"line":37,"column":2},"end":{"line":37,"column":3}},"loc":{"start":{"line":37,"column":37},"end":{"line":56,"column":3}},"line":37},"2":{"name":"(anonymous_2)","decl":{"start":{"line":57,"column":2},"end":{"line":57,"column":3}},"loc":{"start":{"line":57,"column":43},"end":{"line":81,"column":3}},"line":57},"3":{"name":"(anonymous_3)","decl":{"start":{"line":82,"column":2},"end":{"line":82,"column":3}},"loc":{"start":{"line":82,"column":36},"end":{"line":94,"column":3}},"line":82},"4":{"name":"(anonymous_4)","decl":{"start":{"line":95,"column":2},"end":{"line":95,"column":3}},"loc":{"start":{"line":95,"column":40},"end":{"line":107,"column":3}},"line":95},"5":{"name":"(anonymous_5)","decl":{"start":{"line":108,"column":2},"end":{"line":108,"column":3}},"loc":{"start":{"line":108,"column":39},"end":{"line":129,"column":3}},"line":108},"6":{"name":"(anonymous_6)","decl":{"start":{"line":130,"column":2},"end":{"line":130,"column":3}},"loc":{"start":{"line":130,"column":42},"end":{"line":147,"column":3}},"line":130},"7":{"name":"(anonymous_7)","decl":{"start":{"line":148,"column":2},"end":{"line":148,"column":3}},"loc":{"start":{"line":148,"column":42},"end":{"line":160,"column":3}},"line":148},"8":{"name":"(anonymous_8)","decl":{"start":{"line":161,"column":2},"end":{"line":161,"column":3}},"loc":{"start":{"line":161,"column":46},"end":{"line":176,"column":3}},"line":161},"9":{"name":"(anonymous_9)","decl":{"start":{"line":177,"column":2},"end":{"line":177,"column":3}},"loc":{"start":{"line":177,"column":37},"end":{"line":194,"column":3}},"line":177},"10":{"name":"(anonymous_10)","decl":{"start":{"line":195,"column":2},"end":{"line":195,"column":3}},"loc":{"start":{"line":195,"column":38},"end":{"line":219,"column":3}},"line":195},"11":{"name":"(anonymous_11)","decl":{"start":{"line":220,"column":2},"end":{"line":220,"column":3}},"loc":{"start":{"line":220,"column":39},"end":{"line":252,"column":3}},"line":220},"12":{"name":"(anonymous_12)","decl":{"start":{"line":253,"column":2},"end":{"line":253,"column":3}},"loc":{"start":{"line":253,"column":15},"end":{"line":255,"column":3}},"line":253},"13":{"name":"(anonymous_13)","decl":{"start":{"line":257,"column":2},"end":{"line":257,"column":3}},"loc":{"start":{"line":257,"column":39},"end":{"line":292,"column":3}},"line":257},"14":{"name":"(anonymous_14)","decl":{"start":{"line":293,"column":2},"end":{"line":293,"column":3}},"loc":{"start":{"line":293,"column":15},"end":{"line":296,"column":3}},"line":293},"15":{"name":"oo_cm","decl":{"start":{"line":306,"column":77},"end":{"line":306,"column":82}},"loc":{"start":{"line":306,"column":84},"end":{"line":306,"column":37802}},"line":306}},"branchMap":{"0":{"loc":{"start":{"line":14,"column":6},"end":{"line":14,"column":60}},"type":"if","locations":[{"start":{"line":14,"column":6},"end":{"line":14,"column":60}},{"start":{},"end":{}}],"line":14},"1":{"loc":{"start":{"line":15,"column":6},"end":{"line":15,"column":54}},"type":"if","locations":[{"start":{"line":15,"column":6},"end":{"line":15,"column":54}},{"start":{},"end":{}}],"line":15},"2":{"loc":{"start":{"line":16,"column":6},"end":{"line":16,"column":60}},"type":"if","locations":[{"start":{"line":16,"column":6},"end":{"line":16,"column":60}},{"start":{},"end":{}}],"line":16},"3":{"loc":{"start":{"line":21,"column":6},"end":{"line":21,"column":58}},"type":"if","locations":[{"start":{"line":21,"column":6},"end":{"line":21,"column":58}},{"start":{},"end":{}}],"line":21},"4":{"loc":{"start":{"line":40,"column":6},"end":{"line":40,"column":54}},"type":"if","locations":[{"start":{"line":40,"column":6},"end":{"line":40,"column":54}},{"start":{},"end":{}}],"line":40},"5":{"loc":{"start":{"line":41,"column":6},"end":{"line":41,"column":60}},"type":"if","locations":[{"start":{"line":41,"column":6},"end":{"line":41,"column":60}},{"start":{},"end":{}}],"line":41},"6":{"loc":{"start":{"line":44,"column":6},"end":{"line":44,"column":58}},"type":"if","locations":[{"start":{"line":44,"column":6},"end":{"line":44,"column":58}},{"start":{},"end":{}}],"line":44},"7":{"loc":{"start":{"line":47,"column":6},"end":{"line":47,"column":67}},"type":"if","locations":[{"start":{"line":47,"column":6},"end":{"line":47,"column":67}},{"start":{},"end":{}}],"line":47},"8":{"loc":{"start":{"line":136,"column":6},"end":{"line":136,"column":50}},"type":"if","locations":[{"start":{"line":136,"column":6},"end":{"line":136,"column":50}},{"start":{},"end":{}}],"line":136},"9":{"loc":{"start":{"line":153,"column":6},"end":{"line":153,"column":50}},"type":"if","locations":[{"start":{"line":153,"column":6},"end":{"line":153,"column":50}},{"start":{},"end":{}}],"line":153},"10":{"loc":{"start":{"line":167,"column":6},"end":{"line":167,"column":50}},"type":"if","locations":[{"start":{"line":167,"column":6},"end":{"line":167,"column":50}},{"start":{},"end":{}}],"line":167},"11":{"loc":{"start":{"line":261,"column":4},"end":{"line":263,"column":5}},"type":"if","locations":[{"start":{"line":261,"column":4},"end":{"line":263,"column":5}},{"start":{},"end":{}}],"line":261},"12":{"loc":{"start":{"line":265,"column":4},"end":{"line":267,"column":5}},"type":"if","locations":[{"start":{"line":265,"column":4},"end":{"line":267,"column":5}},{"start":{},"end":{}}],"line":265},"13":{"loc":{"start":{"line":265,"column":8},"end":{"line":265,"column":65}},"type":"binary-expr","locations":[{"start":{"line":265,"column":8},"end":{"line":265,"column":38}},{"start":{"line":265,"column":42},"end":{"line":265,"column":65}}],"line":265},"14":{"loc":{"start":{"line":282,"column":4},"end":{"line":291,"column":5}},"type":"if","locations":[{"start":{"line":282,"column":4},"end":{"line":291,"column":5}},{"start":{"line":289,"column":11},"end":{"line":291,"column":5}}],"line":282},"15":{"loc":{"start":{"line":282,"column":8},"end":{"line":282,"column":75}},"type":"binary-expr","locations":[{"start":{"line":282,"column":8},"end":{"line":282,"column":45}},{"start":{"line":282,"column":49},"end":{"line":282,"column":75}}],"line":282},"16":{"loc":{"start":{"line":306,"column":96},"end":{"line":306,"column":37789}},"type":"binary-expr","locations":[{"start":{"line":306,"column":96},"end":{"line":306,"column":133}},{"start":{"line":306,"column":137},"end":{"line":306,"column":37789}}],"line":306}},"s":{"0":1,"1":1,"2":1,"3":1,"4":1,"5":1,"6":1,"7":3,"8":3,"9":3,"10":1,"11":2,"12":0,"13":2,"14":0,"15":2,"16":2,"17":2,"18":0,"19":0,"20":3,"21":3,"22":3,"23":3,"24":1,"25":2,"26":0,"27":2,"28":2,"29":0,"30":2,"31":2,"32":2,"33":0,"34":0,"35":0,"36":3,"37":0,"38":0,"39":0,"40":0,"41":0,"42":0,"43":0,"44":0,"45":0,"46":1,"47":1,"48":1,"49":0,"50":1,"51":1,"52":1,"53":0,"54":2,"55":2,"56":2,"57":2,"58":1,"59":1,"60":1,"61":1,"62":1,"63":1,"64":1,"65":0,"66":1,"67":1,"68":1,"69":1,"70":1,"71":0,"72":1,"73":1,"74":1,"75":1,"76":0,"77":1,"78":1,"79":0,"80":1,"81":1,"82":1,"83":1,"84":1,"85":0,"86":1,"87":1,"88":1,"89":0,"90":1,"91":1,"92":1,"93":1,"94":1,"95":1,"96":0,"97":1,"98":1,"99":1,"100":1,"101":1,"102":1,"103":1,"104":1,"105":0,"106":1,"107":1,"108":1,"109":1,"110":1,"111":1,"112":1,"113":1,"114":1,"115":0,"116":1,"117":1,"118":1,"119":0,"120":1,"121":0,"122":1,"123":1,"124":1,"125":1,"126":0,"127":0,"128":0,"129":1,"130":0,"131":0,"132":1,"133":3,"134":3},"f":{"0":3,"1":3,"2":0,"3":1,"4":1,"5":2,"6":1,"7":1,"8":1,"9":1,"10":1,"11":1,"12":0,"13":1,"14":0,"15":3},"b":{"0":[1,2],"1":[0,2],"2":[0,2],"3":[2,0],"4":[1,2],"5":[0,2],"6":[0,2],"7":[2,0],"8":[0,1],"9":[0,1],"10":[0,1],"11":[0,1],"12":[0,1],"13":[1,1],"14":[0,1],"15":[1,0],"16":[3,1]},"_coverageSchema":"1a1c01bbd47fc00a2c39e90264f33305004495a9","hash":"40c8bc0f4831d9b07307d0b32b9e58b99433e1ed"}
,"C:\\Users\\ronal\\Desktop\\hacktiv8\\phase2\\week4\\Note-Taking-App\\server\\helpers\\bcrypt.js": {"path":"C:\\Users\\ronal\\Desktop\\hacktiv8\\phase2\\week4\\Note-Taking-App\\server\\helpers\\bcrypt.js","statementMap":{"0":{"start":{"line":1,"column":15},"end":{"line":1,"column":32}},"1":{"start":{"line":4,"column":2},"end":{"line":4,"column":54}},"2":{"start":{"line":7,"column":2},"end":{"line":7,"column":46}},"3":{"start":{"line":10,"column":0},"end":{"line":10,"column":51}}},"fnMap":{"0":{"name":"hashPassword","decl":{"start":{"line":3,"column":9},"end":{"line":3,"column":21}},"loc":{"start":{"line":3,"column":28},"end":{"line":5,"column":1}},"line":3},"1":{"name":"comparePassword","decl":{"start":{"line":6,"column":9},"end":{"line":6,"column":24}},"loc":{"start":{"line":6,"column":43},"end":{"line":8,"column":1}},"line":6}},"branchMap":{},"s":{"0":1,"1":2,"2":2,"3":1},"f":{"0":2,"1":2},"b":{},"_coverageSchema":"1a1c01bbd47fc00a2c39e90264f33305004495a9","hash":"f5f12d78194895b1976b047e5106298584b2b7a8"}
,"C:\\Users\\ronal\\Desktop\\hacktiv8\\phase2\\week4\\Note-Taking-App\\server\\helpers\\jwt.js": {"path":"C:\\Users\\ronal\\Desktop\\hacktiv8\\phase2\\week4\\Note-Taking-App\\server\\helpers\\jwt.js","statementMap":{"0":{"start":{"line":1,"column":12},"end":{"line":1,"column":35}},"1":{"start":{"line":2,"column":15},"end":{"line":2,"column":37}},"2":{"start":{"line":5,"column":2},"end":{"line":5,"column":35}},"3":{"start":{"line":8,"column":2},"end":{"line":8,"column":35}},"4":{"start":{"line":10,"column":0},"end":{"line":10,"column":44}}},"fnMap":{"0":{"name":"signToken","decl":{"start":{"line":4,"column":9},"end":{"line":4,"column":18}},"loc":{"start":{"line":4,"column":28},"end":{"line":6,"column":1}},"line":4},"1":{"name":"verifyToken","decl":{"start":{"line":7,"column":9},"end":{"line":7,"column":20}},"loc":{"start":{"line":7,"column":28},"end":{"line":9,"column":1}},"line":7}},"branchMap":{},"s":{"0":1,"1":1,"2":1,"3":14,"4":1},"f":{"0":1,"1":14},"b":{},"_coverageSchema":"1a1c01bbd47fc00a2c39e90264f33305004495a9","hash":"8dbbf6d35a2be24691ae84ebf8b8d70262588c77"}
,"C:\\Users\\ronal\\Desktop\\hacktiv8\\phase2\\week4\\Note-Taking-App\\server\\middlewares\\authentication.js": {"path":"C:\\Users\\ronal\\Desktop\\hacktiv8\\phase2\\week4\\Note-Taking-App\\server\\middlewares\\authentication.js","statementMap":{"0":{"start":{"line":1,"column":24},"end":{"line":1,"column":49}},"1":{"start":{"line":2,"column":17},"end":{"line":2,"column":37}},"2":{"start":{"line":5,"column":2},"end":{"line":22,"column":3}},"3":{"start":{"line":6,"column":30},"end":{"line":6,"column":41}},"4":{"start":{"line":7,"column":4},"end":{"line":7,"column":56}},"5":{"start":{"line":7,"column":24},"end":{"line":7,"column":56}},"6":{"start":{"line":9,"column":33},"end":{"line":9,"column":57}},"7":{"start":{"line":10,"column":4},"end":{"line":10,"column":59}},"8":{"start":{"line":10,"column":27},"end":{"line":10,"column":59}},"9":{"start":{"line":12,"column":19},"end":{"line":12,"column":44}},"10":{"start":{"line":13,"column":4},"end":{"line":13,"column":49}},"11":{"start":{"line":13,"column":17},"end":{"line":13,"column":49}},"12":{"start":{"line":15,"column":17},"end":{"line":15,"column":47}},"13":{"start":{"line":16,"column":4},"end":{"line":16,"column":47}},"14":{"start":{"line":16,"column":15},"end":{"line":16,"column":47}},"15":{"start":{"line":18,"column":4},"end":{"line":18,"column":20}},"16":{"start":{"line":19,"column":4},"end":{"line":19,"column":11}},"17":{"start":{"line":21,"column":4},"end":{"line":21,"column":16}},"18":{"start":{"line":25,"column":0},"end":{"line":25,"column":32}}},"fnMap":{"0":{"name":"authentication","decl":{"start":{"line":4,"column":15},"end":{"line":4,"column":29}},"loc":{"start":{"line":4,"column":46},"end":{"line":23,"column":1}},"line":4}},"branchMap":{"0":{"loc":{"start":{"line":7,"column":4},"end":{"line":7,"column":56}},"type":"if","locations":[{"start":{"line":7,"column":4},"end":{"line":7,"column":56}},{"start":{},"end":{}}],"line":7},"1":{"loc":{"start":{"line":10,"column":4},"end":{"line":10,"column":59}},"type":"if","locations":[{"start":{"line":10,"column":4},"end":{"line":10,"column":59}},{"start":{},"end":{}}],"line":10},"2":{"loc":{"start":{"line":13,"column":4},"end":{"line":13,"column":49}},"type":"if","locations":[{"start":{"line":13,"column":4},"end":{"line":13,"column":49}},{"start":{},"end":{}}],"line":13},"3":{"loc":{"start":{"line":16,"column":4},"end":{"line":16,"column":47}},"type":"if","locations":[{"start":{"line":16,"column":4},"end":{"line":16,"column":47}},{"start":{},"end":{}}],"line":16}},"s":{"0":1,"1":1,"2":20,"3":20,"4":20,"5":6,"6":14,"7":14,"8":0,"9":14,"10":14,"11":0,"12":14,"13":14,"14":0,"15":14,"16":14,"17":6,"18":1},"f":{"0":20},"b":{"0":[6,14],"1":[0,14],"2":[0,14],"3":[0,14]},"_coverageSchema":"1a1c01bbd47fc00a2c39e90264f33305004495a9","hash":"07f4ebf0b641d408436494581a67b51ac44df197"}
,"C:\\Users\\ronal\\Desktop\\hacktiv8\\phase2\\week4\\Note-Taking-App\\server\\middlewares\\authorization.js": {"path":"C:\\Users\\ronal\\Desktop\\hacktiv8\\phase2\\week4\\Note-Taking-App\\server\\middlewares\\authorization.js","statementMap":{"0":{"start":{"line":1,"column":17},"end":{"line":1,"column":37}},"1":{"start":{"line":4,"column":2},"end":{"line":11,"column":3}},"2":{"start":{"line":5,"column":17},"end":{"line":5,"column":51}},"3":{"start":{"line":6,"column":4},"end":{"line":6,"column":48}},"4":{"start":{"line":6,"column":15},"end":{"line":6,"column":48}},"5":{"start":{"line":7,"column":4},"end":{"line":7,"column":77}},"6":{"start":{"line":7,"column":37},"end":{"line":7,"column":77}},"7":{"start":{"line":8,"column":4},"end":{"line":8,"column":11}},"8":{"start":{"line":10,"column":4},"end":{"line":10,"column":16}},"9":{"start":{"line":14,"column":0},"end":{"line":14,"column":31}}},"fnMap":{"0":{"name":"authorization","decl":{"start":{"line":3,"column":15},"end":{"line":3,"column":28}},"loc":{"start":{"line":3,"column":45},"end":{"line":12,"column":1}},"line":3}},"branchMap":{"0":{"loc":{"start":{"line":6,"column":4},"end":{"line":6,"column":48}},"type":"if","locations":[{"start":{"line":6,"column":4},"end":{"line":6,"column":48}},{"start":{},"end":{}}],"line":6},"1":{"loc":{"start":{"line":7,"column":4},"end":{"line":7,"column":77}},"type":"if","locations":[{"start":{"line":7,"column":4},"end":{"line":7,"column":77}},{"start":{},"end":{}}],"line":7}},"s":{"0":1,"1":6,"2":6,"3":3,"4":0,"5":3,"6":0,"7":3,"8":3,"9":1},"f":{"0":6},"b":{"0":[0,3],"1":[0,3]},"_coverageSchema":"1a1c01bbd47fc00a2c39e90264f33305004495a9","hash":"633ee9ce9630e994a10aa5f21a501d76d0ba7c00"}
,"C:\\Users\\ronal\\Desktop\\hacktiv8\\phase2\\week4\\Note-Taking-App\\server\\middlewares\\errorHandler.js": {"path":"C:\\Users\\ronal\\Desktop\\hacktiv8\\phase2\\week4\\Note-Taking-App\\server\\middlewares\\errorHandler.js","statementMap":{"0":{"start":{"line":2,"column":2},"end":{"line":36,"column":3}},"1":{"start":{"line":5,"column":21},"end":{"line":5,"column":44}},"2":{"start":{"line":6,"column":6},"end":{"line":6,"column":48}},"3":{"start":{"line":7,"column":6},"end":{"line":7,"column":12}},"4":{"start":{"line":10,"column":6},"end":{"line":10,"column":57}},"5":{"start":{"line":11,"column":6},"end":{"line":11,"column":12}},"6":{"start":{"line":13,"column":6},"end":{"line":13,"column":64}},"7":{"start":{"line":14,"column":6},"end":{"line":14,"column":12}},"8":{"start":{"line":16,"column":6},"end":{"line":16,"column":61}},"9":{"start":{"line":17,"column":6},"end":{"line":17,"column":12}},"10":{"start":{"line":19,"column":6},"end":{"line":19,"column":64}},"11":{"start":{"line":20,"column":6},"end":{"line":20,"column":12}},"12":{"start":{"line":22,"column":6},"end":{"line":22,"column":66}},"13":{"start":{"line":23,"column":6},"end":{"line":23,"column":12}},"14":{"start":{"line":25,"column":6},"end":{"line":25,"column":63}},"15":{"start":{"line":26,"column":6},"end":{"line":26,"column":12}},"16":{"start":{"line":28,"column":6},"end":{"line":28,"column":65}},"17":{"start":{"line":29,"column":6},"end":{"line":29,"column":12}},"18":{"start":{"line":31,"column":6},"end":{"line":31,"column":58}},"19":{"start":{"line":32,"column":6},"end":{"line":32,"column":12}},"20":{"start":{"line":34,"column":6},"end":{"line":34,"column":65}},"21":{"start":{"line":35,"column":6},"end":{"line":35,"column":12}},"22":{"start":{"line":39,"column":0},"end":{"line":39,"column":28}}},"fnMap":{"0":{"name":"errHandler","decl":{"start":{"line":1,"column":15},"end":{"line":1,"column":25}},"loc":{"start":{"line":1,"column":49},"end":{"line":37,"column":1}},"line":1}},"branchMap":{"0":{"loc":{"start":{"line":2,"column":2},"end":{"line":36,"column":3}},"type":"switch","locations":[{"start":{"line":3,"column":4},"end":{"line":3,"column":36}},{"start":{"line":4,"column":4},"end":{"line":7,"column":12}},{"start":{"line":8,"column":4},"end":{"line":8,"column":29}},{"start":{"line":9,"column":4},"end":{"line":11,"column":12}},{"start":{"line":12,"column":4},"end":{"line":14,"column":12}},{"start":{"line":15,"column":4},"end":{"line":17,"column":12}},{"start":{"line":18,"column":4},"end":{"line":20,"column":12}},{"start":{"line":21,"column":4},"end":{"line":23,"column":12}},{"start":{"line":24,"column":4},"end":{"line":26,"column":12}},{"start":{"line":27,"column":4},"end":{"line":29,"column":12}},{"start":{"line":30,"column":4},"end":{"line":32,"column":12}},{"start":{"line":33,"column":4},"end":{"line":35,"column":12}}],"line":2}},"s":{"0":16,"1":1,"2":1,"3":1,"4":6,"5":6,"6":1,"7":1,"8":1,"9":1,"10":0,"11":0,"12":2,"13":2,"14":2,"15":2,"16":0,"17":0,"18":0,"19":0,"20":3,"21":3,"22":1},"f":{"0":16},"b":{"0":[1,1,0,6,1,1,0,2,2,0,0,3]},"_coverageSchema":"1a1c01bbd47fc00a2c39e90264f33305004495a9","hash":"1937345e6301acc9326f4ab870f52c7c67453460"}
,"C:\\Users\\ronal\\Desktop\\hacktiv8\\phase2\\week4\\Note-Taking-App\\server\\models\\index.js": {"path":"C:\\Users\\ronal\\Desktop\\hacktiv8\\phase2\\week4\\Note-Taking-App\\server\\models\\index.js","statementMap":{"0":{"start":{"line":3,"column":11},"end":{"line":3,"column":24}},"1":{"start":{"line":4,"column":13},"end":{"line":4,"column":28}},"2":{"start":{"line":5,"column":18},"end":{"line":5,"column":38}},"3":{"start":{"line":6,"column":16},"end":{"line":6,"column":34}},"4":{"start":{"line":7,"column":17},"end":{"line":7,"column":42}},"5":{"start":{"line":8,"column":12},"end":{"line":8,"column":49}},"6":{"start":{"line":9,"column":15},"end":{"line":9,"column":65}},"7":{"start":{"line":10,"column":11},"end":{"line":10,"column":13}},"8":{"start":{"line":13,"column":0},"end":{"line":17,"column":1}},"9":{"start":{"line":14,"column":2},"end":{"line":14,"column":74}},"10":{"start":{"line":16,"column":2},"end":{"line":16,"column":87}},"11":{"start":{"line":19,"column":0},"end":{"line":32,"column":5}},"12":{"start":{"line":22,"column":4},"end":{"line":27,"column":6}},"13":{"start":{"line":30,"column":18},"end":{"line":30,"column":85}},"14":{"start":{"line":31,"column":4},"end":{"line":31,"column":27}},"15":{"start":{"line":34,"column":0},"end":{"line":38,"column":3}},"16":{"start":{"line":35,"column":2},"end":{"line":37,"column":3}},"17":{"start":{"line":36,"column":4},"end":{"line":36,"column":32}},"18":{"start":{"line":40,"column":0},"end":{"line":40,"column":25}},"19":{"start":{"line":41,"column":0},"end":{"line":41,"column":25}},"20":{"start":{"line":43,"column":0},"end":{"line":43,"column":20}}},"fnMap":{"0":{"name":"(anonymous_0)","decl":{"start":{"line":21,"column":10},"end":{"line":21,"column":11}},"loc":{"start":{"line":21,"column":18},"end":{"line":28,"column":3}},"line":21},"1":{"name":"(anonymous_1)","decl":{"start":{"line":29,"column":11},"end":{"line":29,"column":12}},"loc":{"start":{"line":29,"column":19},"end":{"line":32,"column":3}},"line":29},"2":{"name":"(anonymous_2)","decl":{"start":{"line":34,"column":24},"end":{"line":34,"column":25}},"loc":{"start":{"line":34,"column":37},"end":{"line":38,"column":1}},"line":34}},"branchMap":{"0":{"loc":{"start":{"line":8,"column":12},"end":{"line":8,"column":49}},"type":"binary-expr","locations":[{"start":{"line":8,"column":12},"end":{"line":8,"column":32}},{"start":{"line":8,"column":36},"end":{"line":8,"column":49}}],"line":8},"1":{"loc":{"start":{"line":13,"column":0},"end":{"line":17,"column":1}},"type":"if","locations":[{"start":{"line":13,"column":0},"end":{"line":17,"column":1}},{"start":{"line":15,"column":7},"end":{"line":17,"column":1}}],"line":13},"2":{"loc":{"start":{"line":23,"column":6},"end":{"line":26,"column":37}},"type":"binary-expr","locations":[{"start":{"line":23,"column":6},"end":{"line":23,"column":29}},{"start":{"line":24,"column":6},"end":{"line":24,"column":23}},{"start":{"line":25,"column":6},"end":{"line":25,"column":30}},{"start":{"line":26,"column":6},"end":{"line":26,"column":37}}],"line":23},"3":{"loc":{"start":{"line":35,"column":2},"end":{"line":37,"column":3}},"type":"if","locations":[{"start":{"line":35,"column":2},"end":{"line":37,"column":3}},{"start":{},"end":{}}],"line":35}},"s":{"0":1,"1":1,"2":1,"3":1,"4":1,"5":1,"6":1,"7":1,"8":1,"9":0,"10":1,"11":1,"12":4,"13":3,"14":3,"15":1,"16":3,"17":3,"18":1,"19":1,"20":1},"f":{"0":4,"1":3,"2":3},"b":{"0":[1,0],"1":[0,1],"2":[4,4,3,3],"3":[3,0]},"_coverageSchema":"1a1c01bbd47fc00a2c39e90264f33305004495a9","hash":"6cc044e3ab3325912e8bae78d5299439d4ea07f7"}
,"C:\\Users\\ronal\\Desktop\\hacktiv8\\phase2\\week4\\Note-Taking-App\\server\\models\\note.js": {"path":"C:\\Users\\ronal\\Desktop\\hacktiv8\\phase2\\week4\\Note-Taking-App\\server\\models\\note.js","statementMap":{"0":{"start":{"line":2,"column":18},"end":{"line":2,"column":38}},"1":{"start":{"line":3,"column":0},"end":{"line":61,"column":2}},"2":{"start":{"line":6,"column":6},"end":{"line":8,"column":9}},"3":{"start":{"line":11,"column":2},"end":{"line":59,"column":4}},"4":{"start":{"line":60,"column":2},"end":{"line":60,"column":14}}},"fnMap":{"0":{"name":"(anonymous_0)","decl":{"start":{"line":3,"column":17},"end":{"line":3,"column":18}},"loc":{"start":{"line":3,"column":43},"end":{"line":61,"column":1}},"line":3},"1":{"name":"(anonymous_1)","decl":{"start":{"line":5,"column":4},"end":{"line":5,"column":5}},"loc":{"start":{"line":5,"column":29},"end":{"line":9,"column":5}},"line":5}},"branchMap":{},"s":{"0":1,"1":1,"2":1,"3":1,"4":1},"f":{"0":1,"1":1},"b":{},"_coverageSchema":"1a1c01bbd47fc00a2c39e90264f33305004495a9","hash":"d8c9942438315e27f15afb00725bb6a064fecde0"}
,"C:\\Users\\ronal\\Desktop\\hacktiv8\\phase2\\week4\\Note-Taking-App\\server\\models\\order.js": {"path":"C:\\Users\\ronal\\Desktop\\hacktiv8\\phase2\\week4\\Note-Taking-App\\server\\models\\order.js","statementMap":{"0":{"start":{"line":2,"column":18},"end":{"line":2,"column":38}},"1":{"start":{"line":3,"column":0},"end":{"line":23,"column":2}},"2":{"start":{"line":6,"column":6},"end":{"line":6,"column":61}},"3":{"start":{"line":9,"column":2},"end":{"line":21,"column":4}},"4":{"start":{"line":22,"column":2},"end":{"line":22,"column":15}}},"fnMap":{"0":{"name":"(anonymous_0)","decl":{"start":{"line":3,"column":17},"end":{"line":3,"column":18}},"loc":{"start":{"line":3,"column":43},"end":{"line":23,"column":1}},"line":3},"1":{"name":"(anonymous_1)","decl":{"start":{"line":5,"column":4},"end":{"line":5,"column":5}},"loc":{"start":{"line":5,"column":29},"end":{"line":7,"column":5}},"line":5}},"branchMap":{},"s":{"0":1,"1":1,"2":1,"3":1,"4":1},"f":{"0":1,"1":1},"b":{},"_coverageSchema":"1a1c01bbd47fc00a2c39e90264f33305004495a9","hash":"7fdf00fbbe33ac99ad7318bc75b0d31b35bb00f9"}
,"C:\\Users\\ronal\\Desktop\\hacktiv8\\phase2\\week4\\Note-Taking-App\\server\\models\\user.js": {"path":"C:\\Users\\ronal\\Desktop\\hacktiv8\\phase2\\week4\\Note-Taking-App\\server\\models\\user.js","statementMap":{"0":{"start":{"line":2,"column":18},"end":{"line":2,"column":38}},"1":{"start":{"line":3,"column":25},"end":{"line":3,"column":53}},"2":{"start":{"line":4,"column":0},"end":{"line":53,"column":2}},"3":{"start":{"line":7,"column":6},"end":{"line":10,"column":9}},"4":{"start":{"line":13,"column":2},"end":{"line":45,"column":4}},"5":{"start":{"line":46,"column":2},"end":{"line":51,"column":5}},"6":{"start":{"line":47,"column":4},"end":{"line":50,"column":5}},"7":{"start":{"line":48,"column":29},"end":{"line":48,"column":56}},"8":{"start":{"line":49,"column":6},"end":{"line":49,"column":37}},"9":{"start":{"line":52,"column":2},"end":{"line":52,"column":14}}},"fnMap":{"0":{"name":"(anonymous_0)","decl":{"start":{"line":4,"column":17},"end":{"line":4,"column":18}},"loc":{"start":{"line":4,"column":43},"end":{"line":53,"column":1}},"line":4},"1":{"name":"(anonymous_1)","decl":{"start":{"line":6,"column":4},"end":{"line":6,"column":5}},"loc":{"start":{"line":6,"column":29},"end":{"line":11,"column":5}},"line":6},"2":{"name":"(anonymous_2)","decl":{"start":{"line":46,"column":20},"end":{"line":46,"column":21}},"loc":{"start":{"line":46,"column":30},"end":{"line":51,"column":3}},"line":46}},"branchMap":{"0":{"loc":{"start":{"line":47,"column":4},"end":{"line":50,"column":5}},"type":"if","locations":[{"start":{"line":47,"column":4},"end":{"line":50,"column":5}},{"start":{},"end":{}}],"line":47}},"s":{"0":1,"1":1,"2":1,"3":1,"4":1,"5":1,"6":1,"7":1,"8":1,"9":1},"f":{"0":1,"1":1,"2":1},"b":{"0":[1,0]},"_coverageSchema":"1a1c01bbd47fc00a2c39e90264f33305004495a9","hash":"66684ce4032467fac835efe9a9a0fc6697b26aed"}
,"C:\\Users\\ronal\\Desktop\\hacktiv8\\phase2\\week4\\Note-Taking-App\\server\\routers\\index.js": {"path":"C:\\Users\\ronal\\Desktop\\hacktiv8\\phase2\\week4\\Note-Taking-App\\server\\routers\\index.js","statementMap":{"0":{"start":{"line":1,"column":16},"end":{"line":1,"column":34}},"1":{"start":{"line":2,"column":15},"end":{"line":2,"column":31}},"2":{"start":{"line":3,"column":19},"end":{"line":3,"column":55}},"3":{"start":{"line":4,"column":19},"end":{"line":4,"column":57}},"4":{"start":{"line":5,"column":23},"end":{"line":5,"column":63}},"5":{"start":{"line":6,"column":22},"end":{"line":6,"column":61}},"6":{"start":{"line":8,"column":0},"end":{"line":8,"column":46}},"7":{"start":{"line":9,"column":0},"end":{"line":9,"column":40}},"8":{"start":{"line":10,"column":0},"end":{"line":10,"column":53}},"9":{"start":{"line":12,"column":0},"end":{"line":12,"column":27}},"10":{"start":{"line":14,"column":0},"end":{"line":14,"column":33}},"11":{"start":{"line":15,"column":0},"end":{"line":15,"column":45}},"12":{"start":{"line":16,"column":0},"end":{"line":16,"column":45}},"13":{"start":{"line":18,"column":0},"end":{"line":18,"column":69}},"14":{"start":{"line":19,"column":0},"end":{"line":19,"column":72}},"15":{"start":{"line":20,"column":0},"end":{"line":20,"column":79}},"16":{"start":{"line":22,"column":0},"end":{"line":22,"column":39}},"17":{"start":{"line":23,"column":0},"end":{"line":23,"column":41}},"18":{"start":{"line":25,"column":0},"end":{"line":25,"column":43}},"19":{"start":{"line":26,"column":0},"end":{"line":26,"column":45}},"20":{"start":{"line":28,"column":0},"end":{"line":28,"column":23}},"21":{"start":{"line":29,"column":0},"end":{"line":29,"column":24}}},"fnMap":{},"branchMap":{},"s":{"0":1,"1":1,"2":1,"3":1,"4":1,"5":1,"6":1,"7":1,"8":1,"9":1,"10":1,"11":1,"12":1,"13":1,"14":1,"15":1,"16":1,"17":1,"18":1,"19":1,"20":1,"21":1},"f":{},"b":{},"_coverageSchema":"1a1c01bbd47fc00a2c39e90264f33305004495a9","hash":"e9a4bf65da802c1590902bc2be758927825e5a65"}
}
