TN:
SF:app.js
FNF:0
FNH:0
DA:1,1
DA:2,1
DA:4,1
DA:5,1
DA:6,1
DA:7,1
DA:9,1
DA:10,1
DA:11,1
DA:12,1
DA:15,1
LF:11
LH:11
BRDA:1,0,0,1
BRDA:1,0,1,0
BRF:2
BRH:1
end_of_record
TN:
SF:controllers\controller.js
FN:11,(anonymous_0)
FN:37,(anonymous_1)
FN:57,(anonymous_2)
FN:82,(anonymous_3)
FN:95,(anonymous_4)
FN:108,(anonymous_5)
FN:130,(anonymous_6)
FN:148,(anonymous_7)
FN:161,(anonymous_8)
FN:177,(anonymous_9)
FN:195,(anonymous_10)
FN:220,(anonymous_11)
FN:253,(anonymous_12)
FN:257,(anonymous_13)
FN:293,(anonymous_14)
FN:306,oo_cm
FNF:16
FNH:13
FNDA:3,(anonymous_0)
FNDA:3,(anonymous_1)
FNDA:0,(anonymous_2)
FNDA:1,(anonymous_3)
FNDA:1,(anonymous_4)
FNDA:2,(anonymous_5)
FNDA:1,(anonymous_6)
FNDA:1,(anonymous_7)
FNDA:1,(anonymous_8)
FNDA:1,(anonymous_9)
FNDA:1,(anonymous_10)
FNDA:1,(anonymous_11)
FNDA:0,(anonymous_12)
FNDA:1,(anonymous_13)
FNDA:0,(anonymous_14)
FNDA:3,oo_cm
DA:1,1
DA:2,1
DA:3,1
DA:4,1
DA:5,1
DA:7,1
DA:8,1
DA:12,3
DA:13,3
DA:14,3
DA:15,2
DA:16,2
DA:18,2
DA:21,2
DA:23,0
DA:28,0
DA:34,3
DA:38,3
DA:39,3
DA:40,3
DA:41,2
DA:43,2
DA:44,2
DA:46,2
DA:47,2
DA:49,0
DA:50,0
DA:52,0
DA:54,3
DA:58,0
DA:59,0
DA:60,0
DA:65,0
DA:66,0
DA:74,0
DA:75,0
DA:77,0
DA:79,0
DA:83,1
DA:84,1
DA:90,1
DA:92,0
DA:96,1
DA:97,1
DA:103,1
DA:105,0
DA:109,2
DA:110,2
DA:111,2
DA:112,2
DA:119,1
DA:127,1
DA:131,1
DA:132,1
DA:133,1
DA:135,1
DA:136,1
DA:138,1
DA:139,1
DA:140,1
DA:141,1
DA:143,1
DA:145,0
DA:149,1
DA:150,1
DA:152,1
DA:153,1
DA:154,1
DA:156,1
DA:158,0
DA:162,1
DA:163,1
DA:164,1
DA:166,1
DA:167,1
DA:169,1
DA:170,1
DA:172,1
DA:174,0
DA:178,1
DA:186,1
DA:187,1
DA:188,1
DA:189,1
DA:190,1
DA:192,0
DA:196,1
DA:197,1
DA:198,1
DA:211,1
DA:212,1
DA:213,1
DA:214,1
DA:215,1
DA:217,0
DA:221,1
DA:226,1
DA:227,1
DA:228,1
DA:242,1
DA:243,1
DA:244,1
DA:246,1
DA:251,1
DA:254,0
DA:258,1
DA:259,1
DA:261,1
DA:262,0
DA:265,1
DA:266,0
DA:269,1
DA:272,1
DA:281,1
DA:282,1
DA:283,0
DA:284,0
DA:288,0
DA:290,1
DA:294,0
DA:295,0
DA:299,1
DA:306,3
LF:123
LH:94
BRDA:14,0,0,1
BRDA:14,0,1,2
BRDA:15,1,0,0
BRDA:15,1,1,2
BRDA:16,2,0,0
BRDA:16,2,1,2
BRDA:21,3,0,2
BRDA:21,3,1,0
BRDA:40,4,0,1
BRDA:40,4,1,2
BRDA:41,5,0,0
BRDA:41,5,1,2
BRDA:44,6,0,0
BRDA:44,6,1,2
BRDA:47,7,0,2
BRDA:47,7,1,0
BRDA:136,8,0,0
BRDA:136,8,1,1
BRDA:153,9,0,0
BRDA:153,9,1,1
BRDA:167,10,0,0
BRDA:167,10,1,1
BRDA:261,11,0,0
BRDA:261,11,1,1
BRDA:265,12,0,0
BRDA:265,12,1,1
BRDA:265,13,0,1
BRDA:265,13,1,1
BRDA:282,14,0,0
BRDA:282,14,1,1
BRDA:282,15,0,1
BRDA:282,15,1,0
BRDA:306,16,0,3
BRDA:306,16,1,1
BRF:34
BRH:21
end_of_record
TN:
SF:helpers\bcrypt.js
FN:3,hashPassword
FN:6,comparePassword
FNF:2
FNH:2
FNDA:2,hashPassword
FNDA:2,comparePassword
DA:1,1
DA:4,2
DA:7,2
DA:10,1
LF:4
LH:4
BRF:0
BRH:0
end_of_record
TN:
SF:helpers\jwt.js
FN:4,signToken
FN:7,verifyToken
FNF:2
FNH:2
FNDA:1,signToken
FNDA:14,verifyToken
DA:1,1
DA:2,1
DA:5,1
DA:8,14
DA:10,1
LF:5
LH:5
BRF:0
BRH:0
end_of_record
TN:
SF:middlewares\authentication.js
FN:4,authentication
FNF:1
FNH:1
FNDA:20,authentication
DA:1,1
DA:2,1
DA:5,20
DA:6,20
DA:7,20
DA:9,14
DA:10,14
DA:12,14
DA:13,14
DA:15,14
DA:16,14
DA:18,14
DA:19,14
DA:21,6
DA:25,1
LF:15
LH:15
BRDA:7,0,0,6
BRDA:7,0,1,14
BRDA:10,1,0,0
BRDA:10,1,1,14
BRDA:13,2,0,0
BRDA:13,2,1,14
BRDA:16,3,0,0
BRDA:16,3,1,14
BRF:8
BRH:5
end_of_record
TN:
SF:middlewares\authorization.js
FN:3,authorization
FNF:1
FNH:1
FNDA:6,authorization
DA:1,1
DA:4,6
DA:5,6
DA:6,3
DA:7,3
DA:8,3
DA:10,3
DA:14,1
LF:8
LH:8
BRDA:6,0,0,0
BRDA:6,0,1,3
BRDA:7,1,0,0
BRDA:7,1,1,3
BRF:4
BRH:2
end_of_record
TN:
SF:middlewares\errorHandler.js
FN:1,errHandler
FNF:1
FNH:1
FNDA:16,errHandler
DA:2,16
DA:5,1
DA:6,1
DA:7,1
DA:10,6
DA:11,6
DA:13,1
DA:14,1
DA:16,1
DA:17,1
DA:19,0
DA:20,0
DA:22,2
DA:23,2
DA:25,2
DA:26,2
DA:28,0
DA:29,0
DA:31,0
DA:32,0
DA:34,3
DA:35,3
DA:39,1
LF:23
LH:17
BRDA:2,0,0,1
BRDA:2,0,1,1
BRDA:2,0,2,0
BRDA:2,0,3,6
BRDA:2,0,4,1
BRDA:2,0,5,1
BRDA:2,0,6,0
BRDA:2,0,7,2
BRDA:2,0,8,2
BRDA:2,0,9,0
BRDA:2,0,10,0
BRDA:2,0,11,3
BRF:12
BRH:8
end_of_record
TN:
SF:models\index.js
FN:21,(anonymous_0)
FN:29,(anonymous_1)
FN:34,(anonymous_2)
FNF:3
FNH:3
FNDA:4,(anonymous_0)
FNDA:3,(anonymous_1)
FNDA:3,(anonymous_2)
DA:3,1
DA:4,1
DA:5,1
DA:6,1
DA:7,1
DA:8,1
DA:9,1
DA:10,1
DA:13,1
DA:14,0
DA:16,1
DA:19,1
DA:22,4
DA:30,3
DA:31,3
DA:34,1
DA:35,3
DA:36,3
DA:40,1
DA:41,1
DA:43,1
LF:21
LH:20
BRDA:8,0,0,1
BRDA:8,0,1,0
BRDA:13,1,0,0
BRDA:13,1,1,1
BRDA:23,2,0,4
BRDA:23,2,1,4
BRDA:23,2,2,3
BRDA:23,2,3,3
BRDA:35,3,0,3
BRDA:35,3,1,0
BRF:10
BRH:7
end_of_record
TN:
SF:models\note.js
FN:3,(anonymous_0)
FN:5,(anonymous_1)
FNF:2
FNH:2
FNDA:1,(anonymous_0)
FNDA:1,(anonymous_1)
DA:2,1
DA:3,1
DA:6,1
DA:11,1
DA:60,1
LF:5
LH:5
BRF:0
BRH:0
end_of_record
TN:
SF:models\order.js
FN:3,(anonymous_0)
FN:5,(anonymous_1)
FNF:2
FNH:2
FNDA:1,(anonymous_0)
FNDA:1,(anonymous_1)
DA:2,1
DA:3,1
DA:6,1
DA:9,1
DA:22,1
LF:5
LH:5
BRF:0
BRH:0
end_of_record
TN:
SF:models\user.js
FN:4,(anonymous_0)
FN:6,(anonymous_1)
FN:46,(anonymous_2)
FNF:3
FNH:3
FNDA:1,(anonymous_0)
FNDA:1,(anonymous_1)
FNDA:1,(anonymous_2)
DA:2,1
DA:3,1
DA:4,1
DA:7,1
DA:13,1
DA:46,1
DA:47,1
DA:48,1
DA:49,1
DA:52,1
LF:10
LH:10
BRDA:47,0,0,1
BRDA:47,0,1,0
BRF:2
BRH:1
end_of_record
TN:
SF:routers\index.js
FNF:0
FNH:0
DA:1,1
DA:2,1
DA:3,1
DA:4,1
DA:5,1
DA:6,1
DA:8,1
DA:9,1
DA:10,1
DA:12,1
DA:14,1
DA:15,1
DA:16,1
DA:18,1
DA:19,1
DA:20,1
DA:22,1
DA:23,1
DA:25,1
DA:26,1
DA:28,1
DA:29,1
LF:22
LH:22
BRF:0
BRH:0
end_of_record
